Performing C SOURCE FILE Test CMAKE_HAVE_LIBC_PTHREAD failed with the following output:
Change Dir: /home/mrjohd/husky_ws/src/dynamo_planner/cmake-build-debug/CMakeFiles/CMakeTmp

Run Build Command(s):/usr/bin/make cmTC_1cc69/fast && /usr/bin/make -f CMakeFiles/cmTC_1cc69.dir/build.make CMakeFiles/cmTC_1cc69.dir/build
make[1]: 디렉터리 '/home/mrjohd/husky_ws/src/dynamo_planner/cmake-build-debug/CMakeFiles/CMakeTmp' 들어감
Building C object CMakeFiles/cmTC_1cc69.dir/src.c.o
/usr/bin/cc   -DCMAKE_HAVE_LIBC_PTHREAD   -o CMakeFiles/cmTC_1cc69.dir/src.c.o   -c /home/mrjohd/husky_ws/src/dynamo_planner/cmake-build-debug/CMakeFiles/CMakeTmp/src.c
Linking C executable cmTC_1cc69
/home/mrjohd/다운로드/clion-2019.3.3/bin/cmake/linux/bin/cmake -E cmake_link_script CMakeFiles/cmTC_1cc69.dir/link.txt --verbose=1
/usr/bin/cc  -DCMAKE_HAVE_LIBC_PTHREAD    -rdynamic CMakeFiles/cmTC_1cc69.dir/src.c.o  -o cmTC_1cc69 
CMakeFiles/cmTC_1cc69.dir/src.c.o: In function `main':
src.c:(.text+0x3c): undefined reference to `pthread_create'
src.c:(.text+0x48): undefined reference to `pthread_detach'
src.c:(.text+0x59): undefined reference to `pthread_join'
src.c:(.text+0x6d): undefined reference to `pthread_atfork'
collect2: error: ld returned 1 exit status
CMakeFiles/cmTC_1cc69.dir/build.make:86: 'cmTC_1cc69' 타겟에 대한 명령이 실패했습니다
make[1]: *** [cmTC_1cc69] 오류 1
make[1]: 디렉터리 '/home/mrjohd/husky_ws/src/dynamo_planner/cmake-build-debug/CMakeFiles/CMakeTmp' 나감
Makefile:121: 'cmTC_1cc69/fast' 타겟에 대한 명령이 실패했습니다
make: *** [cmTC_1cc69/fast] 오류 2


Source file was:
#include <pthread.h>

void* test_func(void* data)
{
  return data;
}

int main(void)
{
  pthread_t thread;
  pthread_create(&thread, NULL, test_func, NULL);
  pthread_detach(thread);
  pthread_join(thread, NULL);
  pthread_atfork(NULL, NULL, NULL);
  pthread_exit(NULL);

  return 0;
}

Determining if the function pthread_create exists in the pthreads failed with the following output:
Change Dir: /home/mrjohd/husky_ws/src/dynamo_planner/cmake-build-debug/CMakeFiles/CMakeTmp

Run Build Command(s):/usr/bin/make cmTC_c2dc1/fast && /usr/bin/make -f CMakeFiles/cmTC_c2dc1.dir/build.make CMakeFiles/cmTC_c2dc1.dir/build
make[1]: 디렉터리 '/home/mrjohd/husky_ws/src/dynamo_planner/cmake-build-debug/CMakeFiles/CMakeTmp' 들어감
Building C object CMakeFiles/cmTC_c2dc1.dir/CheckFunctionExists.c.o
/usr/bin/cc   -DCHECK_FUNCTION_EXISTS=pthread_create   -o CMakeFiles/cmTC_c2dc1.dir/CheckFunctionExists.c.o   -c /home/mrjohd/다운로드/clion-2019.3.3/bin/cmake/linux/share/cmake-3.15/Modules/CheckFunctionExists.c
Linking C executable cmTC_c2dc1
/home/mrjohd/다운로드/clion-2019.3.3/bin/cmake/linux/bin/cmake -E cmake_link_script CMakeFiles/cmTC_c2dc1.dir/link.txt --verbose=1
/usr/bin/cc  -DCHECK_FUNCTION_EXISTS=pthread_create    -rdynamic CMakeFiles/cmTC_c2dc1.dir/CheckFunctionExists.c.o  -o cmTC_c2dc1 -lpthreads 
/usr/bin/ld: cannot find -lpthreads
collect2: error: ld returned 1 exit status
CMakeFiles/cmTC_c2dc1.dir/build.make:86: 'cmTC_c2dc1' 타겟에 대한 명령이 실패했습니다
make[1]: *** [cmTC_c2dc1] 오류 1
make[1]: 디렉터리 '/home/mrjohd/husky_ws/src/dynamo_planner/cmake-build-debug/CMakeFiles/CMakeTmp' 나감
Makefile:121: 'cmTC_c2dc1/fast' 타겟에 대한 명령이 실패했습니다
make: *** [cmTC_c2dc1/fast] 오류 2



