Determining if the pthread_create exist failed with the following output:
Change Dir: /home/mrjohd/Kinodynamic_ws/build/CMakeFiles/CMakeTmp

Run Build Command:"/usr/bin/make" "cmTC_3ca5f/fast"
/usr/bin/make -f CMakeFiles/cmTC_3ca5f.dir/build.make CMakeFiles/cmTC_3ca5f.dir/build
make[1]: 디렉터리 '/home/mrjohd/Kinodynamic_ws/build/CMakeFiles/CMakeTmp' 들어감
Building C object CMakeFiles/cmTC_3ca5f.dir/CheckSymbolExists.c.o
/usr/bin/cc    -o CMakeFiles/cmTC_3ca5f.dir/CheckSymbolExists.c.o   -c /home/mrjohd/Kinodynamic_ws/build/CMakeFiles/CMakeTmp/CheckSymbolExists.c
Linking C executable cmTC_3ca5f
/usr/bin/cmake -E cmake_link_script CMakeFiles/cmTC_3ca5f.dir/link.txt --verbose=1
/usr/bin/cc      -rdynamic CMakeFiles/cmTC_3ca5f.dir/CheckSymbolExists.c.o  -o cmTC_3ca5f 
CMakeFiles/cmTC_3ca5f.dir/CheckSymbolExists.c.o: In function `main':
CheckSymbolExists.c:(.text+0x1b): undefined reference to `pthread_create'
collect2: error: ld returned 1 exit status
CMakeFiles/cmTC_3ca5f.dir/build.make:97: recipe for target 'cmTC_3ca5f' failed
make[1]: *** [cmTC_3ca5f] Error 1
make[1]: 디렉터리 '/home/mrjohd/Kinodynamic_ws/build/CMakeFiles/CMakeTmp' 나감
Makefile:126: recipe for target 'cmTC_3ca5f/fast' failed
make: *** [cmTC_3ca5f/fast] Error 2

File /home/mrjohd/Kinodynamic_ws/build/CMakeFiles/CMakeTmp/CheckSymbolExists.c:
/* */
#include <pthread.h>

int main(int argc, char** argv)
{
  (void)argv;
#ifndef pthread_create
  return ((int*)(&pthread_create))[argc];
#else
  (void)argc;
  return 0;
#endif
}

Determining if the function pthread_create exists in the pthreads failed with the following output:
Change Dir: /home/mrjohd/Kinodynamic_ws/build/CMakeFiles/CMakeTmp

Run Build Command:"/usr/bin/make" "cmTC_66dcf/fast"
/usr/bin/make -f CMakeFiles/cmTC_66dcf.dir/build.make CMakeFiles/cmTC_66dcf.dir/build
make[1]: 디렉터리 '/home/mrjohd/Kinodynamic_ws/build/CMakeFiles/CMakeTmp' 들어감
Building C object CMakeFiles/cmTC_66dcf.dir/CheckFunctionExists.c.o
/usr/bin/cc   -DCHECK_FUNCTION_EXISTS=pthread_create   -o CMakeFiles/cmTC_66dcf.dir/CheckFunctionExists.c.o   -c /usr/share/cmake-3.10/Modules/CheckFunctionExists.c
Linking C executable cmTC_66dcf
/usr/bin/cmake -E cmake_link_script CMakeFiles/cmTC_66dcf.dir/link.txt --verbose=1
/usr/bin/cc  -DCHECK_FUNCTION_EXISTS=pthread_create    -rdynamic CMakeFiles/cmTC_66dcf.dir/CheckFunctionExists.c.o  -o cmTC_66dcf -lpthreads 
/usr/bin/ld: cannot find -lpthreads
collect2: error: ld returned 1 exit status
CMakeFiles/cmTC_66dcf.dir/build.make:97: recipe for target 'cmTC_66dcf' failed
make[1]: *** [cmTC_66dcf] Error 1
make[1]: 디렉터리 '/home/mrjohd/Kinodynamic_ws/build/CMakeFiles/CMakeTmp' 나감
Makefile:126: recipe for target 'cmTC_66dcf/fast' failed
make: *** [cmTC_66dcf/fast] Error 2


